# JRE version: OpenJDK Runtime Environment (17.0.9) (build 17.0.9+0--11185874)
# Java VM: OpenJDK 64-Bit Server VM (17.0.9+0--11185874, mixed mode, tiered, compressed oops, compressed class ptrs, g1 gc, windows-amd64)
GC Precious Log:
 CPUs: 16 total, 16 available
 Memory: 15792M
 Large Page Support: Disabled
 NUMA Support: Disabled
 Compressed Oops: Enabled (Zero based)
 Heap Region Size: 2M
 Heap Min Capacity: 8M
 Heap Initial Capacity: 248M
 Heap Max Capacity: 3950M
 Pre-touch: Disabled
 Parallel Workers: 13
 Concurrent Workers: 3
 Concurrent Refinement Workers: 13
 Periodic GC: Disabled
Heap:
 garbage-first heap   total 253952K, used 98304K [0x0000000709200000, 0x0000000800000000)
  region size 2048K, 3 young (6144K), 3 survivors (6144K)
 Metaspace       used 73489K, committed 73856K, reserved 1179648K
  class space    used 8006K, committed 8192K, reserved 1048576K
GC Heap History (20 events):
Event: 13.090 GC heap after
{Heap after GC invocations=27 (full 0):
 garbage-first heap   total 112640K, used 67343K [0x0000000709200000, 0x0000000800000000)
  region size 2048K, 1 young (2048K), 1 survivors (2048K)
 Metaspace       used 61261K, committed 61568K, reserved 1114112K
  class space    used 6847K, committed 6976K, reserved 1048576K
}
Event: 13.727 GC heap before
{Heap before GC invocations=28 (full 0):
 garbage-first heap   total 120832K, used 89871K [0x0000000709200000, 0x0000000800000000)
  region size 2048K, 12 young (24576K), 1 survivors (2048K)
 Metaspace       used 61581K, committed 61824K, reserved 1114112K
  class space    used 6884K, committed 6976K, reserved 1048576K
}
Event: 13.735 GC heap after
{Heap after GC invocations=29 (full 0):
 garbage-first heap   total 120832K, used 70306K [0x0000000709200000, 0x0000000800000000)
  region size 2048K, 2 young (4096K), 2 survivors (4096K)
 Metaspace       used 61581K, committed 61824K, reserved 1114112K
  class space    used 6884K, committed 6976K, reserved 1048576K
}
Event: 14.405 GC heap before
{Heap before GC invocations=29 (full 0):
 garbage-first heap   total 120832K, used 96930K [0x0000000709200000, 0x0000000800000000)
  region size 2048K, 15 young (30720K), 2 survivors (4096K)
 Metaspace       used 61790K, committed 62080K, reserved 1114112K
  class space    used 6898K, committed 7040K, reserved 1048576K
}
Event: 14.414 GC heap after
{Heap after GC invocations=30 (full 0):
 garbage-first heap   total 120832K, used 71176K [0x0000000709200000, 0x0000000800000000)
  region size 2048K, 1 young (2048K), 1 survivors (2048K)
 Metaspace       used 61790K, committed 62080K, reserved 1114112K
  class space    used 6898K, committed 7040K, reserved 1048576K
}
Event: 15.051 GC heap before
{Heap before GC invocations=31 (full 0):
 garbage-first heap   total 126976K, used 95752K [0x0000000709200000, 0x0000000800000000)
  region size 2048K, 13 young (26624K), 1 survivors (2048K)
 Metaspace       used 61920K, committed 62208K, reserved 1114112K
  class space    used 6905K, committed 7040K, reserved 1048576K
}
Event: 15.060 GC heap after
{Heap after GC invocations=32 (full 0):
 garbage-first heap   total 126976K, used 72984K [0x0000000709200000, 0x0000000800000000)
  region size 2048K, 2 young (4096K), 2 survivors (4096K)
 Metaspace       used 61920K, committed 62208K, reserved 1114112K
  class space    used 6905K, committed 7040K, reserved 1048576K
}
Event: 15.102 GC heap before
{Heap before GC invocations=32 (full 0):
 garbage-first heap   total 126976K, used 75032K [0x0000000709200000, 0x0000000800000000)
  region size 2048K, 3 young (6144K), 2 survivors (4096K)
 Metaspace       used 61921K, committed 62208K, reserved 1114112K
  class space    used 6905K, committed 7040K, reserved 1048576K
}
Event: 15.111 GC heap after
{Heap after GC invocations=33 (full 0):
 garbage-first heap   total 153600K, used 73363K [0x0000000709200000, 0x0000000800000000)
  region size 2048K, 1 young (2048K), 1 survivors (2048K)
 Metaspace       used 61921K, committed 62208K, reserved 1114112K
  class space    used 6905K, committed 7040K, reserved 1048576K
}
Event: 16.294 GC heap before
{Heap before GC invocations=33 (full 0):
 garbage-first heap   total 153600K, used 120467K [0x0000000709200000, 0x0000000800000000)
  region size 2048K, 24 young (49152K), 1 survivors (2048K)
 Metaspace       used 62965K, committed 63168K, reserved 1114112K
  class space    used 7004K, committed 7104K, reserved 1048576K
}
Event: 16.300 GC heap after
{Heap after GC invocations=34 (full 0):
 garbage-first heap   total 153600K, used 75823K [0x0000000709200000, 0x0000000800000000)
  region size 2048K, 2 young (4096K), 2 survivors (4096K)
 Metaspace       used 62965K, committed 63168K, reserved 1114112K
  class space    used 7004K, committed 7104K, reserved 1048576K
}
Event: 17.196 GC heap before
{Heap before GC invocations=35 (full 0):
 garbage-first heap   total 153600K, used 120879K [0x0000000709200000, 0x0000000800000000)
  region size 2048K, 24 young (49152K), 2 survivors (4096K)
 Metaspace       used 63985K, committed 64256K, reserved 1114112K
  class space    used 7086K, committed 7168K, reserved 1048576K
}
Event: 17.205 GC heap after
{Heap after GC invocations=36 (full 0):
 garbage-first heap   total 153600K, used 78132K [0x0000000709200000, 0x0000000800000000)
  region size 2048K, 3 young (6144K), 3 survivors (6144K)
 Metaspace       used 63985K, committed 64256K, reserved 1114112K
  class space    used 7086K, committed 7168K, reserved 1048576K
}
Event: 18.641 GC heap before
{Heap before GC invocations=36 (full 0):
 garbage-first heap   total 153600K, used 123188K [0x0000000709200000, 0x0000000800000000)
  region size 2048K, 25 young (51200K), 3 survivors (6144K)
 Metaspace       used 70180K, committed 70528K, reserved 1114112K
  class space    used 7676K, committed 7872K, reserved 1048576K
}
Event: 18.657 GC heap after
{Heap after GC invocations=37 (full 0):
 garbage-first heap   total 153600K, used 81840K [0x0000000709200000, 0x0000000800000000)
  region size 2048K, 3 young (6144K), 3 survivors (6144K)
 Metaspace       used 70180K, committed 70528K, reserved 1114112K
  class space    used 7676K, committed 7872K, reserved 1048576K
}
Event: 20.218 GC heap before
{Heap before GC invocations=38 (full 0):
 garbage-first heap   total 153600K, used 124848K [0x0000000709200000, 0x0000000800000000)
  region size 2048K, 24 young (49152K), 3 survivors (6144K)
 Metaspace       used 72837K, committed 73152K, reserved 1114112K
  class space    used 7960K, committed 8128K, reserved 1048576K
}
Event: 20.240 GC heap after
{Heap after GC invocations=39 (full 0):
 garbage-first heap   total 153600K, used 89118K [0x0000000709200000, 0x0000000800000000)
  region size 2048K, 3 young (6144K), 3 survivors (6144K)
 Metaspace       used 72837K, committed 73152K, reserved 1114112K
  class space    used 7960K, committed 8128K, reserved 1048576K
}
Event: 20.275 GC heap before
{Heap before GC invocations=39 (full 0):
 garbage-first heap   total 153600K, used 91166K [0x0000000709200000, 0x0000000800000000)
  region size 2048K, 4 young (8192K), 3 survivors (6144K)
 Metaspace       used 72870K, committed 73216K, reserved 1114112K
  class space    used 7960K, committed 8128K, reserved 1048576K
}
Event: 20.295 GC heap after
{Heap after GC invocations=40 (full 0):
 garbage-first heap   total 153600K, used 90835K [0x0000000709200000, 0x0000000800000000)
  region size 2048K, 1 young (2048K), 1 survivors (2048K)
 Metaspace       used 72870K, committed 73216K, reserved 1114112K
  class space    used 7960K, committed 8128K, reserved 1048576K
}
Event: 21.067 GC heap before
{Heap before GC invocations=40 (full 0):
 garbage-first heap   total 153600K, used 123603K [0x0000000709200000, 0x0000000800000000)
  region size 2048K, 17 young (34816K), 1 survivors (2048K)
 Metaspace       used 73489K, committed 73856K, reserved 1179648K
  class space    used 8006K, committed 8192K, reserved 1048576K
}

